<?xml version="1.0" encoding="UTF-8"?>
<testng-results ignored="0" total="4" passed="2" failed="2" skipped="0">
  <reporter-output>
  </reporter-output>
  <suite started-at="2022-11-25T16:00:04 ICT" name="Automation Selenium" finished-at="2022-11-25T16:01:52 ICT" duration-ms="108727">
    <groups>
    </groups>
    <test started-at="2022-11-25T16:00:04 ICT" name="Test-Chrome" finished-at="2022-11-25T16:01:01 ICT" duration-ms="56834">
      <class name="FinalTestCase02">
        <test-method is-config="true" signature="beforeMethod(java.lang.String)[pri:0, instance:FinalTestCase02@29176cc1]" started-at="2022-11-25T16:00:18 ICT" name="beforeMethod" finished-at="2022-11-25T16:00:24 ICT" duration-ms="6270" status="PASS">
          <params>
            <param index="0">
              <value>
                <![CDATA[chrome]]>
              </value>
            </param>
          </params>
          <reporter-output>
          </reporter-output>
        </test-method> <!-- beforeMethod -->
        <test-method signature="FinalTestCase02()[pri:0, instance:FinalTestCase02@29176cc1]" started-at="2022-11-25T16:00:24 ICT" name="FinalTestCase02" description="User can filter Manage ticket table with both Arrive station and Depart date" finished-at="2022-11-25T16:01:00 ICT" duration-ms="36383" status="FAIL">
          <exception class="java.lang.AssertionError">
            <message>
              <![CDATA[My ticket tab is not displayed! expected [true] but found [false]]]>
            </message>
            <full-stacktrace>
              <![CDATA[java.lang.AssertionError: My ticket tab is not displayed! expected [true] but found [false]
at org.testng.Assert.fail(Assert.java:110)
at org.testng.Assert.failNotEquals(Assert.java:1413)
at org.testng.Assert.assertTrue(Assert.java:56)
at FinalTestCase02.FinalTestCase02(FinalTestCase02.java:122)
at java.base/jdk.internal.reflect.DirectMethodHandleAccessor.invoke(DirectMethodHandleAccessor.java:104)
at java.base/java.lang.reflect.Method.invoke(Method.java:578)
at org.testng.internal.invokers.MethodInvocationHelper.invokeMethod(MethodInvocationHelper.java:139)
at org.testng.internal.invokers.TestInvoker.invokeMethod(TestInvoker.java:677)
at org.testng.internal.invokers.TestInvoker.invokeTestMethod(TestInvoker.java:221)
at org.testng.internal.invokers.MethodRunner.runInSequence(MethodRunner.java:50)
at org.testng.internal.invokers.TestInvoker$MethodInvocationAgent.invoke(TestInvoker.java:962)
at org.testng.internal.invokers.TestInvoker.invokeTestMethods(TestInvoker.java:194)
at org.testng.internal.invokers.TestMethodWorker.invokeTestMethods(TestMethodWorker.java:148)
at org.testng.internal.invokers.TestMethodWorker.run(TestMethodWorker.java:128)
at java.base/java.util.ArrayList.forEach(ArrayList.java:1511)
at org.testng.TestRunner.privateRun(TestRunner.java:806)
at org.testng.TestRunner.run(TestRunner.java:601)
at org.testng.SuiteRunner.runTest(SuiteRunner.java:433)
at org.testng.SuiteRunner.runSequentially(SuiteRunner.java:427)
at org.testng.SuiteRunner.privateRun(SuiteRunner.java:387)
at org.testng.SuiteRunner.run(SuiteRunner.java:330)
at org.testng.SuiteRunnerWorker.runSuite(SuiteRunnerWorker.java:52)
at org.testng.SuiteRunnerWorker.run(SuiteRunnerWorker.java:95)
at org.testng.TestNG.runSuitesSequentially(TestNG.java:1256)
at org.testng.TestNG.runSuitesLocally(TestNG.java:1176)
at org.testng.TestNG.runSuites(TestNG.java:1099)
at org.testng.TestNG.run(TestNG.java:1067)
at com.intellij.rt.testng.IDEARemoteTestNG.run(IDEARemoteTestNG.java:66)
at com.intellij.rt.testng.RemoteTestNGStarter.main(RemoteTestNGStarter.java:109)
]]>
            </full-stacktrace>
          </exception> <!-- java.lang.AssertionError -->
          <reporter-output>
          </reporter-output>
        </test-method> <!-- FinalTestCase02 -->
        <test-method is-config="true" signature="afterMethod()[pri:0, instance:FinalTestCase02@29176cc1]" started-at="2022-11-25T16:01:00 ICT" name="afterMethod" finished-at="2022-11-25T16:01:01 ICT" duration-ms="280" status="PASS">
          <reporter-output>
          </reporter-output>
        </test-method> <!-- afterMethod -->
      </class> <!-- FinalTestCase02 -->
      <class name="FinalTestCase01">
        <test-method is-config="true" signature="beforeMethod(java.lang.String)[pri:0, instance:FinalTestCase01@1df82230]" started-at="2022-11-25T16:00:04 ICT" name="beforeMethod" finished-at="2022-11-25T16:00:12 ICT" duration-ms="8226" status="PASS">
          <params>
            <param index="0">
              <value>
                <![CDATA[chrome]]>
              </value>
            </param>
          </params>
          <reporter-output>
          </reporter-output>
        </test-method> <!-- beforeMethod -->
        <test-method signature="TC01()[pri:0, instance:FinalTestCase01@1df82230]" started-at="2022-11-25T16:00:12 ICT" name="TC01" description="User can book ticket after checking price" finished-at="2022-11-25T16:00:17 ICT" duration-ms="5274" status="PASS">
          <reporter-output>
          </reporter-output>
        </test-method> <!-- TC01 -->
        <test-method is-config="true" signature="afterMethod()[pri:0, instance:FinalTestCase01@1df82230]" started-at="2022-11-25T16:00:17 ICT" name="afterMethod" finished-at="2022-11-25T16:00:18 ICT" duration-ms="345" status="PASS">
          <reporter-output>
          </reporter-output>
        </test-method> <!-- afterMethod -->
      </class> <!-- FinalTestCase01 -->
    </test> <!-- Test-Chrome -->
    <test started-at="2022-11-25T16:01:01 ICT" name="Test-Edge" finished-at="2022-11-25T16:01:52 ICT" duration-ms="51779">
      <class name="FinalTestCase02">
        <test-method is-config="true" signature="beforeMethod(java.lang.String)[pri:0, instance:FinalTestCase02@7f010382]" started-at="2022-11-25T16:01:17 ICT" name="beforeMethod" finished-at="2022-11-25T16:01:28 ICT" duration-ms="10201" status="PASS">
          <params>
            <param index="0">
              <value>
                <![CDATA[edge]]>
              </value>
            </param>
          </params>
          <reporter-output>
          </reporter-output>
        </test-method> <!-- beforeMethod -->
        <test-method signature="FinalTestCase02()[pri:0, instance:FinalTestCase02@7f010382]" started-at="2022-11-25T16:01:28 ICT" name="FinalTestCase02" description="User can filter Manage ticket table with both Arrive station and Depart date" finished-at="2022-11-25T16:01:52 ICT" duration-ms="24577" status="FAIL">
          <exception class="java.lang.AssertionError">
            <message>
              <![CDATA[My ticket tab is not displayed! expected [true] but found [false]]]>
            </message>
            <full-stacktrace>
              <![CDATA[java.lang.AssertionError: My ticket tab is not displayed! expected [true] but found [false]
at org.testng.Assert.fail(Assert.java:110)
at org.testng.Assert.failNotEquals(Assert.java:1413)
at org.testng.Assert.assertTrue(Assert.java:56)
at FinalTestCase02.FinalTestCase02(FinalTestCase02.java:122)
at java.base/jdk.internal.reflect.DirectMethodHandleAccessor.invoke(DirectMethodHandleAccessor.java:104)
at java.base/java.lang.reflect.Method.invoke(Method.java:578)
at org.testng.internal.invokers.MethodInvocationHelper.invokeMethod(MethodInvocationHelper.java:139)
at org.testng.internal.invokers.TestInvoker.invokeMethod(TestInvoker.java:677)
at org.testng.internal.invokers.TestInvoker.invokeTestMethod(TestInvoker.java:221)
at org.testng.internal.invokers.MethodRunner.runInSequence(MethodRunner.java:50)
at org.testng.internal.invokers.TestInvoker$MethodInvocationAgent.invoke(TestInvoker.java:962)
at org.testng.internal.invokers.TestInvoker.invokeTestMethods(TestInvoker.java:194)
at org.testng.internal.invokers.TestMethodWorker.invokeTestMethods(TestMethodWorker.java:148)
at org.testng.internal.invokers.TestMethodWorker.run(TestMethodWorker.java:128)
at java.base/java.util.ArrayList.forEach(ArrayList.java:1511)
at org.testng.TestRunner.privateRun(TestRunner.java:806)
at org.testng.TestRunner.run(TestRunner.java:601)
at org.testng.SuiteRunner.runTest(SuiteRunner.java:433)
at org.testng.SuiteRunner.runSequentially(SuiteRunner.java:427)
at org.testng.SuiteRunner.privateRun(SuiteRunner.java:387)
at org.testng.SuiteRunner.run(SuiteRunner.java:330)
at org.testng.SuiteRunnerWorker.runSuite(SuiteRunnerWorker.java:52)
at org.testng.SuiteRunnerWorker.run(SuiteRunnerWorker.java:95)
at org.testng.TestNG.runSuitesSequentially(TestNG.java:1256)
at org.testng.TestNG.runSuitesLocally(TestNG.java:1176)
at org.testng.TestNG.runSuites(TestNG.java:1099)
at org.testng.TestNG.run(TestNG.java:1067)
at com.intellij.rt.testng.IDEARemoteTestNG.run(IDEARemoteTestNG.java:66)
at com.intellij.rt.testng.RemoteTestNGStarter.main(RemoteTestNGStarter.java:109)
]]>
            </full-stacktrace>
          </exception> <!-- java.lang.AssertionError -->
          <reporter-output>
          </reporter-output>
        </test-method> <!-- FinalTestCase02 -->
        <test-method is-config="true" signature="afterMethod()[pri:0, instance:FinalTestCase02@7f010382]" started-at="2022-11-25T16:01:52 ICT" name="afterMethod" finished-at="2022-11-25T16:01:52 ICT" duration-ms="271" status="PASS">
          <reporter-output>
          </reporter-output>
        </test-method> <!-- afterMethod -->
      </class> <!-- FinalTestCase02 -->
      <class name="FinalTestCase01">
        <test-method is-config="true" signature="beforeMethod(java.lang.String)[pri:0, instance:FinalTestCase01@4313f5bc]" started-at="2022-11-25T16:01:01 ICT" name="beforeMethod" finished-at="2022-11-25T16:01:09 ICT" duration-ms="8363" status="PASS">
          <params>
            <param index="0">
              <value>
                <![CDATA[edge]]>
              </value>
            </param>
          </params>
          <reporter-output>
          </reporter-output>
        </test-method> <!-- beforeMethod -->
        <test-method signature="TC01()[pri:0, instance:FinalTestCase01@4313f5bc]" started-at="2022-11-25T16:01:09 ICT" name="TC01" description="User can book ticket after checking price" finished-at="2022-11-25T16:01:17 ICT" duration-ms="8076" status="PASS">
          <reporter-output>
          </reporter-output>
        </test-method> <!-- TC01 -->
        <test-method is-config="true" signature="afterMethod()[pri:0, instance:FinalTestCase01@4313f5bc]" started-at="2022-11-25T16:01:17 ICT" name="afterMethod" finished-at="2022-11-25T16:01:17 ICT" duration-ms="288" status="PASS">
          <reporter-output>
          </reporter-output>
        </test-method> <!-- afterMethod -->
      </class> <!-- FinalTestCase01 -->
    </test> <!-- Test-Edge -->
  </suite> <!-- Automation Selenium -->
</testng-results>
